​​​​Quokka #1 (node: v8.4.0)​​​​
​​​​Quokka #1 (node: v8.4.0)​​​​
​​SyntaxError: Unexpected token (1:6)​​
​​​​Quokka #1 (node: v8.4.0)​​​​
​​SyntaxError: Unexpected token (1:9)​​
​​​​Quokka #1 (node: v8.4.0)​​​​
​​SyntaxError: Unexpected token (1:11)​​
​​​​Quokka #1 (node: v8.4.0)​​​​
​​SyntaxError: Unexpected token (1:15)​​
​​​​Quokka #1 (node: v8.4.0)​​​​
​​SyntaxError: Unexpected token (1:11)​​
​​​​Quokka #1 (node: v8.4.0)​​​​
​​​​
​​func is not defined​​
  at ​quokka.js:1:0​
​​​​Quokka #1 (node: v8.4.0)​​​​
​​SyntaxError: Unexpected token (1:19)​​
​​​​Quokka #1 (node: v8.4.0)​​​​
​​SyntaxError: Unexpected token (1:25)​​
​​​​Quokka #1 (node: v8.4.0)​​​​
​​SyntaxError: Unexpected token (1:26)​​
​​​​Quokka #1 (node: v8.4.0)​​​​
​​​​Quokka #1 (node: v8.4.0)​​​​
​​SyntaxError: Unexpected token (3:0)​​
​​​​Quokka #1 (node: v8.4.0)​​​​
​​​​Quokka #1 (node: v8.4.0)​​​​
​​SyntaxError: Unexpected token (3:0)​​
​​​​Quokka #1 (node: v8.4.0)​​​​
​​​​Quokka #1 (node: v8.4.0)​​​​
​​SyntaxError: Unexpected token (4:0)​​
​​​​Quokka #1 (node: v8.4.0)​​​​
​​​​Quokka #1 (node: v8.4.0)​​​​
​​SyntaxError: Unexpected token (4:0)​​
​​​​Quokka #1 (node: v8.4.0)​​​​
​​​​Quokka #1 (node: v8.4.0)​​​​
​​SyntaxError: Unexpected token (4:0)​​
​​​​Quokka #1 (node: v8.4.0)​​​​
