[2018-03-28 18:45:28.505] [exthost1] [info] extension host started
[2018-03-28 18:45:28.563] [exthost1] [info] ExtensionService#_doActivateExtension vscode.emmet {"startup":true,"activationEvent":"*"}
[2018-03-28 18:45:28.563] [exthost1] [info] ExtensionService#loadCommonJSModule /Applications/Visual Studio Code.app/Contents/Resources/app/extensions/emmet/out/extension
[2018-03-28 18:45:28.760] [exthost1] [info] ExtensionService#_doActivateExtension vscode.git {"startup":true,"activationEvent":"*"}
[2018-03-28 18:45:28.761] [exthost1] [info] ExtensionService#loadCommonJSModule /Applications/Visual Studio Code.app/Contents/Resources/app/extensions/git/out/main
[2018-03-28 18:45:29.167] [exthost1] [info] ExtensionService#_doActivateExtension vscode.merge-conflict {"startup":true,"activationEvent":"*"}
[2018-03-28 18:45:29.167] [exthost1] [info] ExtensionService#loadCommonJSModule /Applications/Visual Studio Code.app/Contents/Resources/app/extensions/merge-conflict/out/extension
[2018-03-28 18:45:29.258] [exthost1] [info] ExtensionService#_doActivateExtension WallabyJs.quokka-vscode {"startup":true,"activationEvent":"*"}
[2018-03-28 18:45:29.258] [exthost1] [info] ExtensionService#loadCommonJSModule /Users/avanslaars/code_profiles/egghead/exts/WallabyJs.quokka-vscode-1.0.94/index
[2018-03-28 18:45:29.261] [exthost1] [info] ExtensionService#_doActivateExtension WallabyJs.wallaby-vscode {"startup":true,"activationEvent":"*"}
[2018-03-28 18:45:29.261] [exthost1] [info] ExtensionService#loadCommonJSModule /Users/avanslaars/code_profiles/egghead/exts/WallabyJs.wallaby-vscode-1.0.75/index
[2018-03-28 18:45:29.270] [exthost1] [info] ExtensionService#_doActivateExtension alefragnani.Bookmarks {"startup":true,"activationEvent":"*"}
[2018-03-28 18:45:29.270] [exthost1] [info] ExtensionService#loadCommonJSModule /Users/avanslaars/code_profiles/egghead/exts/alefragnani.bookmarks-0.18.0/out/src/extension
[2018-03-28 18:45:29.297] [exthost1] [info] ExtensionService#_doActivateExtension esbenp.prettier-vscode {"startup":true,"activationEvent":"*"}
[2018-03-28 18:45:29.297] [exthost1] [info] ExtensionService#loadCommonJSModule /Users/avanslaars/code_profiles/egghead/exts/esbenp.prettier-vscode-1.1.2/out/src/extension
[2018-03-28 18:45:29.943] [exthost1] [info] eager extensions activated
[2018-03-28 18:46:05.409] [exthost1] [info] ExtensionService#_doActivateExtension vscode.configuration-editing {"startup":false,"activationEvent":"onLanguage:jsonc"}
[2018-03-28 18:46:05.409] [exthost1] [info] ExtensionService#loadCommonJSModule /Applications/Visual Studio Code.app/Contents/Resources/app/extensions/configuration-editing/out/extension
[2018-03-28 18:46:05.438] [exthost1] [info] ExtensionService#_doActivateExtension vscode.json {"startup":false,"activationEvent":"onLanguage:jsonc"}
[2018-03-28 18:46:05.438] [exthost1] [info] ExtensionService#loadCommonJSModule /Applications/Visual Studio Code.app/Contents/Resources/app/extensions/json/client/out/jsonMain
[2018-03-28 18:52:05.469] [exthost1] [info] ExtensionService#_doActivateExtension vscode.css {"startup":false,"activationEvent":"onLanguage:less"}
[2018-03-28 18:52:05.469] [exthost1] [info] ExtensionService#loadCommonJSModule /Applications/Visual Studio Code.app/Contents/Resources/app/extensions/css/client/out/cssMain
[2018-03-28 18:52:58.080] [exthost1] [info] ExtensionService#_doActivateExtension vscode.typescript-language-features {"startup":false,"activationEvent":"onLanguage:javascript"}
[2018-03-28 18:52:58.080] [exthost1] [info] ExtensionService#loadCommonJSModule /Applications/Visual Studio Code.app/Contents/Resources/app/extensions/typescript/out/extension
